2024-06-25 12:59:52,816 - Published transaction ecf2f636-2a4a-4c8b-9a4e-fa31fde2f18f to iot/temperature3
2024-06-25 12:59:55,836 - Published transaction 676fc63a-b633-4c34-8772-8843ff9a58ce to iot/temperature1
2024-06-25 12:59:58,838 - Published transaction 06dc3a76-1d49-4df8-8225-90ef98de5ed5 to iot/temperature3
2024-06-25 13:00:11,846 - Published transaction e3e92cd0-65f6-4168-836c-42aade963421 to iot/temperature1
2024-06-25 13:00:04,854 - Published transaction 56b3cb89-f1ad-424c-80fa-023f99fd90fc to iot/temperature3
2024-06-25 13:00:07,859 - Published transaction 980270c2-565e-4d22-9d69-0e6118edb50b to iot/temperature2
2024-06-25 13:00:10,863 - Published transaction 34028863-390e-4f39-9126-45ead22210e9 to iot/temperature1
2024-06-25 13:00:13,878 - Published transaction 41653060-3b82-4023-a32b-c54c3fc45e0d to iot/temperature2
2024-06-25 13:00:16,887 - Published transaction 472eaa1c-a04e-44a6-9d73-68f67dd3a0fd to iot/temperature2
2024-06-25 13:00:19,893 - Published transaction 02227897-c91b-49e6-afff-66fc22d9ab92 to iot/temperature2
2024-06-25 13:00:22,898 - Published transaction 12a5d712-5445-4b50-96a6-d18eb02ff5b1 to iot/temperature2
2024-06-25 13:00:25,906 - Published transaction 43cb6577-fc95-45b9-81ee-f09495db12b7 to iot/temperature3
2024-06-25 13:00:28,912 - Published transaction 63363a8b-c345-4e51-b94d-56d01efbb687 to iot/temperature1
2024-06-25 13:00:31,921 - Published transaction 66c76a98-30ac-48f9-932a-85367b6f19ba to iot/temperature3
2024-06-25 13:00:34,926 - Published transaction cfa4f06b-026f-4ff0-9871-09f740125443 to iot/temperature2
2024-06-25 13:00:37,932 - Published transaction 3ff1f29d-6343-4490-b3df-c6e0d209a1dd to iot/temperature3
2024-06-25 13:00:40,939 - Published transaction c0c764ac-7ac8-494b-88b1-3724ce5d4018 to iot/temperature2
2024-06-25 13:00:43,947 - Published transaction d4ffa9d1-c6ab-465d-9493-76acd23edb95 to iot/temperature2
2024-06-25 13:00:46,953 - Published transaction b179042b-f494-4109-8065-ce1962afa719 to iot/temperature2
2024-06-25 13:00:49,960 - Published transaction aba8a310-6076-435c-8763-92660c5cec4c to iot/temperature2
2024-06-25 13:00:52,966 - Published transaction a9492a81-a29f-4db6-af77-e1c19df37031 to iot/temperature2
2024-06-25 13:00:55,971 - Published transaction 8d64bab5-7084-4d78-8b29-0acdddf41268 to iot/temperature2
2024-06-25 13:00:58,977 - Published transaction 517fe6da-ae77-43ce-8ba0-c8da6b1432db to iot/temperature2
2024-06-25 13:01:01,983 - Published transaction 152e5c36-9764-48ce-bb31-fba8a2f88119 to iot/temperature2
2024-06-25 13:01:04,989 - Published transaction a04bac69-4db4-4d0f-a05d-2eb9427caa0f to iot/temperature3
2024-06-25 13:01:07,993 - Published transaction e25ce943-a667-4e45-ab35-607e87a94159 to iot/temperature2
2024-06-25 13:01:11,001 - Published transaction fd1b5ce6-68dc-4765-9d6d-498001112539 to iot/temperature3
2024-06-25 13:01:14,008 - Published transaction 3632a0e6-f2d7-4a99-bbec-1c31d706e388 to iot/temperature2
2024-06-25 13:01:17,012 - Published transaction afacfc7f-d672-4fd1-bbac-eb515f6bbc4f to iot/temperature1
2024-06-25 13:01:20,016 - Published transaction 41113b22-09f9-46f9-adfd-85e32fdeffa2 to iot/temperature2
2024-06-25 13:01:23,022 - Published transaction faa89a0e-04b3-4847-940c-e0e05705f0a7 to iot/temperature2
2024-06-25 13:01:26,050 - Published transaction 184700ca-44ee-4235-9aa1-5f1cade005bc to iot/temperature3
2024-06-25 13:01:29,056 - Published transaction 4449c51f-b1e4-4c77-8862-94137d7885f0 to iot/temperature2
2024-06-25 13:01:32,078 - Published transaction e9bd3a3c-c855-4e03-890c-894f539eb82a to iot/temperature3
2024-06-25 13:01:35,086 - Published transaction 21ce9c2e-fdb9-4a04-a172-fb10f1246aa4 to iot/temperature2
2024-06-25 13:01:38,089 - Published transaction 2ce24066-f92e-4727-b2b1-d66dca904713 to iot/temperature1
2024-06-25 13:01:41,093 - Published transaction c5e9c2d1-7ce4-44c0-9f3c-be58aab7a693 to iot/temperature1
2024-06-25 13:01:44,101 - Published transaction 707f2f52-28f0-405e-a266-81bacb7590b6 to iot/temperature1
2024-06-25 13:01:47,112 - Published transaction c7372b99-cce7-45f5-be1f-f17166778217 to iot/temperature1
2024-06-25 13:01:50,120 - Published transaction 9abf9252-de85-4c96-bd74-70446c2e85ec to iot/temperature1
2024-06-25 13:01:53,128 - Published transaction 601b6629-497a-4679-bd7d-a1e7fa5d7bf7 to iot/temperature2
2024-06-25 13:01:56,137 - Published transaction cf8f74e3-e275-453c-90d5-327f787611c2 to iot/temperature1
2024-06-25 13:01:59,147 - Published transaction 0f48b38f-e2ba-4de5-a61b-0d5138d4d05d to iot/temperature1
2024-06-25 13:02:02,157 - Published transaction 78be1aea-8e05-41a8-8d5f-498101cbeb52 to iot/temperature2
2024-06-25 13:02:05,162 - Published transaction 6b718a01-5570-43d6-b553-5e9da8075103 to iot/temperature2
2024-06-25 13:02:08,168 - Published transaction ecce1f82-8aa5-479b-a5a0-95d43fa768b5 to iot/temperature3
2024-06-25 13:02:11,188 - Published transaction 12ed3fa3-25f9-4001-82e2-67569ae6eddf to iot/temperature1
2024-06-25 13:02:14,209 - Published transaction cf0e970b-561d-4de7-acb5-bf2d5241a06c to iot/temperature3
2024-06-25 13:02:17,224 - Published transaction 2f33f7d6-ae23-4193-83d6-5c567cc02866 to iot/temperature3
2024-06-25 13:02:20,230 - Published transaction 5ee43564-d9a3-4ad4-8722-f6cff9224c12 to iot/temperature1
2024-06-25 13:02:23,235 - Published transaction 9bead1b6-fd9c-47e9-90cf-db9b8e3317ef to iot/temperature1
2024-06-25 13:02:26,245 - Published transaction 12cb2a82-c872-49c7-bea4-7b3b1fe6100f to iot/temperature1
2024-06-25 13:02:29,254 - Published transaction 0551eaa6-f85e-4984-b192-99a79b753f24 to iot/temperature2
2024-06-25 13:02:32,270 - Published transaction 90220f28-6a89-4d41-b1fb-ed48d3723269 to iot/temperature1
2024-06-25 13:02:35,279 - Published transaction 85ea412e-4779-4ccf-90b1-4ec3e9b369c4 to iot/temperature1
2024-06-25 13:02:38,295 - Published transaction 242f8780-f1fb-46d0-bcb2-34a63b7898c0 to iot/temperature2
2024-06-25 13:02:41,299 - Published transaction c8d73925-5600-4219-bf07-d204b1fd16d4 to iot/temperature1
2024-06-25 13:02:44,303 - Published transaction eadefa9a-03d6-4547-a268-dc7840638044 to iot/temperature1
2024-06-25 13:02:47,306 - Published transaction 313f9ca1-a150-4072-a4a4-25af236204e7 to iot/temperature3
2024-06-25 13:02:50,310 - Published transaction 94b6c6e3-9614-49ab-a493-8d9576911b09 to iot/temperature3
2024-06-25 13:02:53,319 - Published transaction 2b540f73-740f-452b-b9db-8c301958ebd3 to iot/temperature3
2024-06-25 13:02:56,323 - Published transaction 7a4ffa2b-35c7-4f4f-9a4d-790fd265a4ff to iot/temperature3
2024-06-25 13:03:02,344 - Published transaction c05eccad-e4a8-4ef7-9347-2844615b4346 to iot/temperature2
2024-06-25 13:03:05,381 - Published transaction 35e30261-5e63-4dae-aa09-909c8eeaf38f to iot/temperature2
2024-06-25 13:03:08,402 - Published transaction 748f847e-bb35-44af-9873-984775edbd0f to iot/temperature2
2024-06-25 13:03:11,414 - Published transaction 5a139da0-2cda-436c-8393-88d1c392bd45 to iot/temperature2
2024-06-25 13:03:14,427 - Published transaction b51e3454-5585-4453-a52a-0480d0686f5a to iot/temperature1
2024-06-25 13:03:17,439 - Published transaction 07dc9626-0f78-4929-84cb-859d3ee4e220 to iot/temperature3
2024-06-25 13:03:20,446 - Published transaction e536663b-3882-497f-a025-049f21086d08 to iot/temperature2
2024-06-25 13:03:23,454 - Published transaction 3dea1cfa-af92-49cd-8484-e998670b8720 to iot/temperature2
2024-06-25 13:03:26,462 - Published transaction 19b425a7-a5a9-42a1-b00d-5d8fac229348 to iot/temperature3
2024-06-25 13:03:29,470 - Published transaction 327e3e2b-4bff-4269-8264-fba753517240 to iot/temperature3
2024-06-25 13:03:32,473 - Published transaction f1d9b97d-38a3-4a71-9aa9-22f20a4b4406 to iot/temperature3
2024-06-25 13:03:35,491 - Published transaction 2a80296e-9c23-4d41-8e9b-2bf2ec5e32e6 to iot/temperature3
2024-06-25 13:03:38,500 - Published transaction 9a369ce8-4f4a-481a-97b4-ebc6d6097c98 to iot/temperature3
2024-06-25 13:03:41,505 - Published transaction 4a5de503-e606-4e57-af78-0952666a8695 to iot/temperature1
2024-06-25 13:03:44,512 - Published transaction 64003184-e891-452f-be73-b0ce9a308b65 to iot/temperature3
2024-06-25 13:03:47,521 - Published transaction 3d7709b5-cdd0-4537-9b0d-8c030b58dd8c to iot/temperature1
2024-06-25 13:03:50,527 - Published transaction dd205b29-a737-4c39-826d-7d83de536519 to iot/temperature3
2024-06-25 13:03:53,541 - Published transaction 0f799ab3-6cf9-43a3-a755-27933edc71f1 to iot/temperature1
2024-06-25 13:03:56,553 - Published transaction 1775248f-ad7c-4e54-ae32-af93216cf7cd to iot/temperature1
2024-06-25 13:03:59,567 - Published transaction 75c136d9-d4dd-4539-9282-ffde696d52da to iot/temperature3
2024-06-25 13:04:02,581 - Published transaction 20de8210-7d06-470b-9e48-7c48fcfbfc74 to iot/temperature2
2024-06-25 13:04:05,590 - Published transaction 2cebf782-7845-42f7-a6ca-0f61491d9247 to iot/temperature2
2024-06-25 13:04:08,629 - Published transaction c38a6806-ba22-4fb1-9edb-d9b1758121a8 to iot/temperature2
2024-06-25 13:04:11,638 - Published transaction a1c8266c-f999-49c5-933e-08bb2b493520 to iot/temperature2
2024-06-25 13:04:14,647 - Published transaction 0c980a9d-0254-4e24-8d3a-8e519ed51499 to iot/temperature3
2024-06-25 13:04:17,651 - Published transaction b9f3e76c-fea3-48cb-a33e-924df773f8ee to iot/temperature2
2024-06-25 13:04:20,666 - Published transaction 99f8a08e-5153-4222-8245-e0c34a2de3eb to iot/temperature3
2024-06-25 13:04:23,674 - Published transaction 4eaef787-2a8e-404c-ab99-cc5f39b08674 to iot/temperature3
2024-06-25 13:04:26,687 - Published transaction f8401462-4aa5-45ee-920b-c810c6fb6156 to iot/temperature2
2024-06-25 13:04:29,693 - Published transaction c816b9f2-8656-4fd8-82b0-1541c30e58a9 to iot/temperature3
2024-06-25 13:04:32,700 - Published transaction 0137ce90-9ddd-4625-b197-36f6efa26a0c to iot/temperature2
2024-06-25 13:04:35,703 - Published transaction 920d25ea-0651-4f7c-8eb8-64a78a59d1b5 to iot/temperature2
2024-06-25 13:04:38,709 - Published transaction 0acc1172-7db7-4dc6-8ec0-c154ddc075d7 to iot/temperature2
2024-06-25 13:04:41,717 - Published transaction 89bce5c0-30d9-4b4d-95ab-a8613ac7748e to iot/temperature1
2024-06-25 13:04:44,722 - Published transaction e7c45093-94af-41de-a9e9-a77dc8b5a0b5 to iot/temperature1
2024-06-25 13:04:47,728 - Published transaction 7f144be2-3e42-489a-8842-77b79b47e746 to iot/temperature1
2024-06-25 13:04:50,733 - Published transaction 24033f11-97ea-4ab2-8460-737e5fdf0878 to iot/temperature1
2024-06-25 13:04:53,737 - Published transaction 3ed5a1a8-4373-4d18-b33d-b769e1259d4b to iot/temperature1
2024-06-25 13:04:56,745 - Published transaction 727bc6b1-21e5-42ec-8987-d8c23dfbe05b to iot/temperature1
2024-06-25 13:04:59,754 - Published transaction 8ece4f8c-8b6a-4f91-8b0e-c2add87fb6d7 to iot/temperature2
2024-06-25 13:05:02,760 - Published transaction 52639492-0e6f-44a6-92a0-8fd097a7ced9 to iot/temperature3
2024-06-25 13:05:05,780 - Published transaction c2149616-f5b8-4026-8dfd-a02b771564e3 to iot/temperature3
2024-06-25 13:05:08,793 - Published transaction 438a1822-8489-4ab0-b33e-948d34d25c30 to iot/temperature2
2024-06-25 13:05:11,799 - Published transaction d3a9c5f5-3cac-4ab0-b870-56b6fc1fcb53 to iot/temperature2
2024-06-25 13:05:14,809 - Published transaction f4158759-7286-4fdc-a158-79da8a6ed182 to iot/temperature2
2024-06-25 13:05:17,814 - Published transaction 11b462ae-1767-48d5-a32d-00864fe45c8d to iot/temperature2
2024-06-25 13:05:20,824 - Published transaction 475293fe-b2d1-43b1-9dc8-1ed2dba1e3da to iot/temperature3
2024-06-25 13:05:23,829 - Published transaction 28a5272c-6da7-40c9-b532-8e7a598354fc to iot/temperature2
2024-06-25 13:05:26,835 - Published transaction 5cd2389c-0bc5-46b7-b97d-e7ecd9cc818f to iot/temperature2
2024-06-25 13:05:29,846 - Published transaction ab57179f-14ca-4d89-89c7-4785685f360a to iot/temperature3
2024-06-25 13:05:53,902 - Published transaction 0ce57472-b65f-4be8-b5d4-1e97ce9b85b6 to iot/temperature1
2024-06-25 13:05:56,918 - Published transaction ff44d98c-b118-4e23-9c7c-2ebfdaa5d3c4 to iot/temperature1
2024-06-25 13:05:59,927 - Published transaction 8338b137-605d-40e1-95c4-d9371cc5f638 to iot/temperature1
2024-06-25 13:06:02,932 - Published transaction acfa2c8c-faf6-43e9-b096-f0c045b7f10c to iot/temperature1
2024-06-25 13:06:05,944 - Published transaction a1b9a706-0a9e-4029-96bf-5372a67e14f7 to iot/temperature1
2024-06-25 13:06:23,966 - Published transaction 7f198c65-d5f6-4445-9589-69e9095e0cfb to iot/temperature1
2024-06-25 13:06:26,971 - Published transaction 5a452485-1a14-4bdc-8670-742b74eaef14 to iot/temperature3
2024-06-25 13:06:29,977 - Published transaction b95a1606-6a59-40e6-8a32-343972043b56 to iot/temperature1
2024-06-25 13:06:32,989 - Published transaction 76d496cb-f62c-48a8-a00b-d55e45db5901 to iot/temperature3
2024-06-25 13:06:35,994 - Published transaction 14a66de9-9bd9-4fa7-a6de-6974274fb4c4 to iot/temperature3
2024-06-25 13:06:39,001 - Published transaction c6a72220-e6b6-49c6-a367-619a943c8870 to iot/temperature3
2024-06-25 13:06:42,007 - Published transaction 13cc8d54-3deb-4437-8116-96e5c5c88c9e to iot/temperature3
2024-06-25 13:06:45,013 - Published transaction dc70939c-8745-4a46-9efc-6c2dc82a4d61 to iot/temperature3
2024-06-25 13:06:48,032 - Published transaction 053572b0-0c42-4ea5-b01f-c076cf727863 to iot/temperature1
2024-06-25 13:06:51,041 - Published transaction f43a25fc-c687-4591-aef3-aacb64ee8a6e to iot/temperature3
2024-06-25 13:06:54,047 - Published transaction 65f119ce-456b-4868-b6f5-b341ffc64232 to iot/temperature3
