2024-06-27 12:12:37,720 - Published transaction ea3bec14-5bb0-440c-938b-5d259eef946d to iot/temperature1
2024-06-27 12:12:42,725 - Published transaction 1e877beb-dc12-421c-99de-9324da61cd16 to iot/temperature2
2024-06-27 12:12:47,732 - Published transaction 1d585e64-2aab-4eff-ab31-abe51e628bd9 to iot/temperature3
2024-06-27 12:12:52,743 - Published transaction 29e4eec6-cb1f-402a-a7e2-02fd7015c6cf to iot/temperature2
2024-06-27 12:12:57,751 - Published transaction ac8c6660-54b5-4423-a8aa-899542bd73cf to iot/temperature1
2024-06-27 12:13:02,758 - Published transaction 8614a725-ee6c-4514-a240-132b68219e6b to iot/temperature3
2024-06-27 12:13:07,765 - Published transaction 3f0f3f84-72d4-45ea-9c16-1995624a3c0e to iot/temperature3
2024-06-27 12:13:12,772 - Published transaction 2fdb6388-1814-41fc-b418-b5c913eac498 to iot/temperature3
2024-06-27 12:13:17,780 - Published transaction c77f6d20-4b37-458e-ace1-388bcf81d03b to iot/temperature3
2024-06-27 12:13:22,786 - Published transaction d21106c9-e3e7-46c2-8a25-3bb1a6d579c4 to iot/temperature2
2024-06-27 12:13:27,795 - Published transaction b0e86bc0-ed60-4a13-b154-6415a6f527cc to iot/temperature1
2024-06-27 12:13:32,815 - Published transaction 347faa89-cc7a-4fd7-aeeb-7ea304eb472d to iot/temperature2
2024-06-27 12:13:37,823 - Published transaction 56f86567-4770-4721-9fbe-fa15022c0e0d to iot/temperature1
2024-06-27 12:13:42,830 - Published transaction bfe8d834-fa77-4e21-a891-55bfb465db6d to iot/temperature1
2024-06-27 12:13:47,835 - Published transaction 21869b5c-4d24-4dbd-8dbd-345cfd024a12 to iot/temperature1
2024-06-27 12:13:52,846 - Published transaction 7081ea48-c1c6-4d3f-9a75-8e56502c357c to iot/temperature3
2024-06-27 12:13:57,855 - Published transaction c0f5f53e-918f-4b26-9d0d-e1431c7e1125 to iot/temperature1
2024-06-27 12:14:02,857 - Published transaction da42fda0-149c-4cfd-b2f2-ebeebdc1ba60 to iot/temperature3
2024-06-27 12:14:07,864 - Published transaction 3b71fec8-39c3-4aab-ab72-1ebcede8466a to iot/temperature3
2024-06-27 12:14:12,871 - Published transaction f48586a5-cbb8-4e31-b9c1-95eb23ace1c1 to iot/temperature2
2024-06-27 12:14:17,881 - Published transaction 70715d4a-efad-412d-ba11-b691f40e0942 to iot/temperature3
2024-06-27 12:14:22,887 - Published transaction a9eb6080-1810-4af1-a672-b1cb167ea081 to iot/temperature2
2024-06-27 12:14:27,891 - Published transaction e2830ded-60c5-4564-aa63-af2f37c040b6 to iot/temperature3
2024-06-27 12:14:32,896 - Published transaction 3ae930b8-a112-4bdd-b611-7841776c542b to iot/temperature1
2024-06-27 12:14:37,904 - Published transaction 50b0303d-16f7-4e8b-a145-0bc4bf305b40 to iot/temperature3
2024-06-27 12:14:42,908 - Published transaction 707cce93-bd4a-486b-b51c-e8e460fa02c8 to iot/temperature2
2024-06-27 12:14:47,912 - Published transaction 413184fa-42c3-4eb8-bf61-d69dfc3d441c to iot/temperature4
2024-06-27 12:14:52,925 - Published transaction 35cf0b93-d9b8-4d48-9638-5e267d8c62ef to iot/temperature2
2024-06-27 12:14:57,938 - Published transaction b32a8f36-f6c0-4875-bcbd-5d87da013714 to iot/temperature3
2024-06-27 12:15:02,940 - Published transaction d952cd06-48c5-4b9b-a667-45346bd4b8fd to iot/temperature4
2024-06-27 12:15:07,949 - Published transaction a75e6715-56d3-43b7-bb00-d9625bfb73d9 to iot/temperature3
2024-06-27 12:15:12,961 - Published transaction c049dd97-6da5-44c6-97fa-5d26673c8560 to iot/temperature2
2024-06-27 12:15:17,972 - Published transaction 0f1418dd-ed39-4a96-a0ca-259367e9dbed to iot/temperature1
2024-06-27 12:15:22,974 - Published transaction b45819ff-6cba-4eaa-bd75-d92cfa0a7b55 to iot/temperature1
2024-06-27 12:15:27,982 - Published transaction 736f508b-fc13-4a1f-a9af-0b4a4ef1c0aa to iot/temperature4
2024-06-27 12:15:32,989 - Published transaction b572d263-8ce6-40a3-9e68-60d9f1cb0c33 to iot/temperature3
2024-06-27 12:15:37,995 - Published transaction 1c2a9fac-b7ad-4e0d-8810-52a306c4f16b to iot/temperature2
2024-06-27 12:15:43,006 - Published transaction 1fb2eab7-6cf7-4287-9940-2825ba560f6e to iot/temperature1
2024-06-27 12:16:08,046 - Published transaction 326f01e4-02e8-4b7b-bb6a-9fc19704e935 to iot/temperature1
2024-06-27 12:16:13,053 - Published transaction 66ac7d5a-6ada-437f-b67e-90c081dabbcc to iot/temperature4
2024-06-27 12:16:18,063 - Published transaction 63ecd535-eead-458e-8abe-525ee905ecba to iot/temperature2
2024-06-27 12:16:23,070 - Published transaction 24dfb894-b8da-4ee9-88fa-fefbd8ec2237 to iot/temperature1
2024-06-27 12:16:33,081 - Published transaction 0465cef5-c982-43b3-9f85-e5301fa8f2f8 to iot/temperature4
2024-06-27 12:16:38,095 - Published transaction d0c70901-94a6-4d1c-b704-6aa0eb6f658e to iot/temperature1
2024-06-27 12:16:43,101 - Published transaction d0207308-744c-474e-a0ae-7ee236822bf3 to iot/temperature4
2024-06-27 12:16:48,109 - Published transaction fe892b8b-9bea-4215-96be-371b5511f557 to iot/temperature1
2024-06-27 12:16:53,113 - Published transaction 13b3670f-9e2d-4274-bc61-edb086ecb286 to iot/temperature4
2024-06-27 12:16:58,120 - Published transaction 9dd275a2-80b3-49b8-b387-3e973eefdcbd to iot/temperature2
2024-06-27 12:17:03,128 - Published transaction a92ac3ce-ed7d-449c-9198-a7ca81236781 to iot/temperature1
2024-06-27 12:17:08,135 - Published transaction 3405b46e-e15c-4a4f-b945-9914e6001cca to iot/temperature2
2024-06-27 12:17:13,139 - Published transaction bbdd76ef-c746-495f-a63b-035dac836eed to iot/temperature4
2024-06-27 12:17:18,147 - Published transaction 26f2377c-2618-450a-adfe-19b38a4479e1 to iot/temperature4
2024-06-27 12:17:23,153 - Published transaction 10950319-1c3c-4e3f-8992-7f6efdddff70 to iot/temperature2
2024-06-27 12:17:28,157 - Published transaction 1639ef85-4d5d-4978-bb5f-2ac667397937 to iot/temperature4
2024-06-27 12:17:33,165 - Published transaction 79c091db-a926-420b-8451-5cb11626d027 to iot/temperature2
2024-06-27 12:17:38,169 - Published transaction 56fc6934-917c-4c9d-99ce-27832b7d9eb2 to iot/temperature2
2024-06-27 12:17:43,175 - Published transaction 386ff7b7-1855-4d41-84ad-8e322756e707 to iot/temperature4
2024-06-27 12:17:48,196 - Published transaction 048fbc29-934b-48a0-a3ec-6bea3543f798 to iot/temperature1
2024-06-27 12:17:53,202 - Published transaction 4589d67a-a73d-4f4a-aa51-1f0dd9bd4c53 to iot/temperature4
2024-06-27 12:17:58,206 - Published transaction 8b8e8ce4-666c-441c-8bea-9b27f232bbdb to iot/temperature4
2024-06-27 12:18:03,210 - Published transaction f7e6e92a-51b7-402c-ae69-0cd79af5c340 to iot/temperature2
2024-06-27 12:18:08,217 - Published transaction 3cca3459-9417-4eef-9217-539359e23fbf to iot/temperature4
2024-06-27 12:18:13,222 - Published transaction 14a39f51-f2f3-4b7a-8fbf-d268a9c715a0 to iot/temperature2
2024-06-27 12:18:18,230 - Published transaction 4fc8171a-a25b-4def-93ba-90c6bb51269d to iot/temperature4
2024-06-27 12:18:23,237 - Published transaction 94cafc1f-862e-4f41-ba54-4eb80fa0af07 to iot/temperature1
2024-06-27 12:18:28,244 - Published transaction 06635dc8-c934-4204-a200-67c9580c3790 to iot/temperature4
2024-06-27 12:18:33,252 - Published transaction c896fa7b-0379-4858-848c-f70f1a22b2f3 to iot/temperature2
2024-06-27 12:18:38,274 - Published transaction 4db8a60e-c458-4234-971b-6d0001932e9b to iot/temperature4
2024-06-27 12:18:43,284 - Published transaction 2bb75b57-9707-4ba8-b676-a831069da16a to iot/temperature1
2024-06-27 12:18:48,292 - Published transaction 1c8f1485-0c36-449c-8282-7c7af972aff4 to iot/temperature4
2024-06-27 12:18:53,306 - Published transaction 713a6c20-c5b2-4abc-b601-ba99a4ac50e8 to iot/temperature4
2024-06-27 12:18:58,309 - Published transaction 5eec673c-e7a1-4d19-af8e-b9424d5519c7 to iot/temperature2
2024-06-27 12:19:03,316 - Published transaction af5b34b0-3e44-4460-9260-76752526bf16 to iot/temperature2
2024-06-27 12:19:08,346 - Published transaction fab8b99b-0b05-45f6-91f5-fb563cd27755 to iot/temperature4
2024-06-27 12:19:13,362 - Published transaction fa149ed4-7894-4ee8-b23e-3e13731033b1 to iot/temperature4
2024-06-27 12:19:18,380 - Published transaction 6bf26136-73e5-431c-ae09-9dce18492db1 to iot/temperature4
2024-06-27 12:19:23,390 - Published transaction ddc4288f-672a-402a-980d-f428b6098b06 to iot/temperature1
