2024-06-26 10:53:32,415 - Published transaction 6afa4938-c4fc-4712-8c5f-41f4005cd7c1 to iot/temperature1
2024-06-26 10:53:34,417 - Published transaction d83e2793-f38b-45d6-b1e2-697bb2f153ce to iot/temperature3
2024-06-26 10:53:36,431 - Published transaction 7375c1f0-e5ae-4b35-8d57-f3783e1abba3 to iot/temperature2
2024-06-26 10:53:38,435 - Published transaction 2000676a-5292-42a3-868a-6ad784be870e to iot/temperature4
2024-06-26 10:53:40,458 - Published transaction cebdefdc-2bae-4ae6-be65-8642da14ae56 to iot/temperature4
2024-06-26 10:53:42,473 - Published transaction 4bfb552f-8227-4de7-b741-5c46bcc48534 to iot/temperature5
2024-06-26 10:53:44,481 - Published transaction cb6de59d-1e99-4066-9a6a-014a3271bbef to iot/temperature1
2024-06-26 10:53:46,487 - Published transaction 4ed3034d-6324-4d09-89c5-f88069856724 to iot/temperature8
2024-06-26 10:53:48,502 - Published transaction be66fac5-04ee-4720-841d-a9ddd624542c to iot/temperature7
2024-06-26 10:53:50,513 - Published transaction c2933335-c43d-4c2f-bc90-cf5b1a41d69f to iot/temperature8
2024-06-26 10:53:52,525 - Published transaction 98693745-6afe-46c6-a64a-50bcdcbc86ba to iot/temperature4
2024-06-26 10:53:54,527 - Published transaction 0404fb05-d0ed-4927-aefd-ba7bd7fbb19f to iot/temperature2
2024-06-26 10:53:56,530 - Published transaction dd81ec29-5e3d-47ac-83c1-a7d55faec9fe to iot/temperature4
2024-06-26 10:53:58,536 - Published transaction 213a8aa0-b94a-4594-81ea-825ed193c23f to iot/temperature6
2024-06-26 10:54:00,555 - Published transaction 2139b472-d5ee-4e27-b54b-3c20b749f7fc to iot/temperature2
2024-06-26 10:54:02,595 - Published transaction 9eb73bcb-fe58-4a5a-8e99-86c4eabf5f0e to iot/temperature4
2024-06-26 10:54:04,600 - Published transaction 10bf19fd-488e-4d8c-a73c-89c4723ef6bc to iot/temperature6
2024-06-26 10:54:06,606 - Published transaction f9df0150-3c40-4c17-9399-f5239581852d to iot/temperature8
2024-06-26 10:54:08,617 - Published transaction a611be93-6afb-44e3-861f-36edc2b72e60 to iot/temperature2
2024-06-26 10:54:10,634 - Published transaction 8153a3e2-9e03-4557-b948-e3ffbc5cf3fb to iot/temperature3
2024-06-26 10:54:12,644 - Published transaction 91134677-466d-4e08-9e93-e32e27a052da to iot/temperature3
2024-06-26 10:54:14,651 - Published transaction a1abbe16-9b3e-4e3e-ac17-b829208fd920 to iot/temperature6
2024-06-26 10:54:16,664 - Published transaction aa9801d8-2bb6-4897-906c-5b367bdb7c54 to iot/temperature6
2024-06-26 10:54:18,667 - Published transaction b481e971-19d3-410b-ae37-03958b1a004e to iot/temperature4
2024-06-26 10:54:20,668 - Published transaction 574b29bf-8eab-48bc-a82d-cefe5c51e06c to iot/temperature4
2024-06-26 10:54:22,704 - Published transaction c27b6a02-e752-46f2-bddc-373966af7556 to iot/temperature4
2024-06-26 10:54:24,727 - Published transaction 50a15c08-677a-4a73-b451-d1ea3efae597 to iot/temperature4
2024-06-26 10:54:26,736 - Published transaction b5561858-16af-4b83-aff4-fb3cd181c4d7 to iot/temperature2
2024-06-26 10:54:28,743 - Published transaction dac07cf7-713e-4296-bf27-e6a4c1a7b26e to iot/temperature6
2024-06-26 10:54:30,763 - Published transaction 6be2471f-1c8a-4971-beb3-2bdfaf6cf218 to iot/temperature7
2024-06-26 10:54:32,777 - Published transaction 4cf6a182-753b-4fc8-b485-2b1342a4750f to iot/temperature6
2024-06-26 10:54:34,795 - Published transaction d41eb842-06d5-494d-a2ad-6a911441bc62 to iot/temperature5
2024-06-26 10:54:36,803 - Published transaction 456e9953-3ac7-464f-b307-26940896a390 to iot/temperature7
2024-06-26 10:54:38,824 - Published transaction 1b19a9b8-dcae-4b0c-a3c3-23c79ba72f54 to iot/temperature8
2024-06-26 10:54:40,835 - Published transaction 183f9ea1-73ce-4e38-962a-e5f9712caeaa to iot/temperature1
2024-06-26 10:54:42,882 - Published transaction 5e1b2d9c-537d-405a-9a7e-8314d250eb3c to iot/temperature8
2024-06-26 10:54:44,907 - Published transaction d7e94227-2cbe-4ee1-93ce-654b192d9f8c to iot/temperature2
2024-06-26 10:54:46,912 - Published transaction 8a673d7f-cd78-4112-960c-b2567bb9fa0c to iot/temperature8
2024-06-26 10:54:48,915 - Published transaction e5721ca4-d6af-4074-928b-0c8f4a339f18 to iot/temperature3
2024-06-26 10:54:50,917 - Published transaction 2029b233-d624-40b0-a150-96b03e02501b to iot/temperature2
2024-06-26 10:54:52,919 - Published transaction 91aa9ba0-a57b-45fb-a59d-8b70be254610 to iot/temperature3
2024-06-26 10:54:54,942 - Published transaction b8eea822-a146-4948-8a6a-36ecc513e919 to iot/temperature6
2024-06-26 10:54:57,012 - Published transaction 45eb7610-96d9-4ba6-9d4c-30c7e660872e to iot/temperature3
2024-06-26 10:54:59,023 - Published transaction 6727c76b-6f0f-4d40-99e5-b0776f968a4c to iot/temperature4
2024-06-26 10:55:01,043 - Published transaction 8832bb9c-a1f2-4feb-af43-f0932be558ba to iot/temperature5
2024-06-26 10:55:03,070 - Published transaction f1c760b0-49c5-4be1-8d35-c3dc2c454f63 to iot/temperature4
2024-06-26 10:55:05,085 - Published transaction 22e5dcc8-b09f-4f17-819a-b4e70cb8ba74 to iot/temperature7
2024-06-26 10:55:07,107 - Published transaction 6f5f37cb-e159-4a15-9d76-d168f596d2c9 to iot/temperature8
2024-06-26 10:55:09,119 - Published transaction 8faa8f76-b52a-4f98-99a6-e4756be9711f to iot/temperature4
2024-06-26 10:55:11,130 - Published transaction 6dcf7537-f759-48c0-916f-9c092bdbb01a to iot/temperature4
2024-06-26 10:55:13,143 - Published transaction dbf21829-7d1c-4ad2-b974-12b345e09dfc to iot/temperature5
2024-06-26 10:55:15,166 - Published transaction 24137652-a509-49c7-8119-04ca12b6610e to iot/temperature4
2024-06-26 10:55:17,184 - Published transaction 49c0cf4e-e302-4c3f-a764-7f9420f46d34 to iot/temperature7
2024-06-26 10:55:19,216 - Published transaction f28298cb-4517-416c-9e4b-eec070618b31 to iot/temperature8
2024-06-26 10:55:21,230 - Published transaction 95d2958f-faf7-457c-b19d-76114fabb3bb to iot/temperature5
2024-06-26 10:55:23,246 - Published transaction 31662ad4-1830-459b-a2a7-08fc78726d31 to iot/temperature8
2024-06-26 10:55:25,253 - Published transaction a9eca70a-c837-4c45-add3-94be0163f365 to iot/temperature3
2024-06-26 10:55:27,265 - Published transaction 63d3d438-31df-4865-b9ee-b9f1d193bdf1 to iot/temperature8
2024-06-26 10:55:29,279 - Published transaction e5baa70b-3f37-4c94-8719-8f477b585197 to iot/temperature5
2024-06-26 10:55:31,292 - Published transaction a9c703ad-492e-4ead-8929-8170250b3ed5 to iot/temperature5
2024-06-26 10:55:33,311 - Published transaction eef902fb-a772-4af2-a3aa-39d4f55cb434 to iot/temperature2
2024-06-26 10:55:45,353 - Published transaction dd0fc620-b32a-4ff7-b745-39dfb7b2f8c7 to iot/temperature7
2024-06-26 10:55:47,375 - Published transaction f847ddd0-3968-41e2-a5e4-fb13d04a1138 to iot/temperature7
2024-06-26 10:55:49,406 - Published transaction eec3ec87-ec0c-4351-ab54-305f3b6b5e45 to iot/temperature3
2024-06-26 10:55:51,428 - Published transaction 6a3397c9-84fc-44db-81b1-60223d3e49c3 to iot/temperature1
2024-06-26 10:55:53,432 - Published transaction 33f8811e-0bdd-44cb-bae0-4d6fa43a7111 to iot/temperature7
2024-06-26 10:55:55,454 - Published transaction 114745f2-1e31-4953-a812-3be2e69eeb50 to iot/temperature8
2024-06-26 10:55:57,466 - Published transaction 42621c33-3b3e-475d-a45f-9e33b186090f to iot/temperature8
2024-06-26 10:55:59,471 - Published transaction d239b9b9-3f35-478e-9a32-1b5a240f092a to iot/temperature1
2024-06-26 10:56:01,476 - Published transaction 7a090782-5668-4374-80db-2c2f071bf1ae to iot/temperature5
2024-06-26 10:56:03,501 - Published transaction a6d95eb6-f270-41fa-aed6-4778ce9e9c3b to iot/temperature1
2024-06-26 10:56:15,521 - Published transaction 97f58be7-b7b8-442d-adc1-f9869bb0ae1a to iot/temperature1
2024-06-26 10:56:17,532 - Published transaction a7988264-8484-4d8c-afce-de8b47825c4f to iot/temperature8
2024-06-26 10:56:19,541 - Published transaction f6abab28-6f31-45c7-aa9c-6e16cbf6efd8 to iot/temperature5
2024-06-26 10:56:21,553 - Published transaction 7b423895-50e6-467b-9303-657e87b6e2f0 to iot/temperature1
2024-06-26 10:56:23,576 - Published transaction 954afb91-c600-40db-b1ad-c1e78e32cef8 to iot/temperature2
2024-06-26 10:56:25,592 - Published transaction 641a56e7-fe79-4684-a4fd-54ba45d38078 to iot/temperature7
2024-06-26 10:56:27,596 - Published transaction bfc92c07-c65a-4bb4-9653-ece3f58ec2bb to iot/temperature8
2024-06-26 10:56:29,601 - Published transaction 35a7d785-9eec-406b-8166-528376e25f14 to iot/temperature1
2024-06-26 10:56:37,645 - Published transaction b60506fa-8e3f-4a33-927d-b354b043a01c to iot/temperature2
2024-06-26 10:56:39,659 - Published transaction 50f9f939-d855-4ae7-abfd-d96decb61144 to iot/temperature3
2024-06-26 10:56:41,671 - Published transaction 21880b8f-2472-43eb-b754-eab0d4e221cc to iot/temperature2
2024-06-26 10:56:43,690 - Published transaction 61c48b75-18df-4ccf-93cd-a76ab352d9f0 to iot/temperature1
2024-06-26 10:56:45,723 - Published transaction b40029df-6bff-4486-93d7-93d065ed2660 to iot/temperature3
2024-06-26 10:56:47,734 - Published transaction 61af97ca-1c2f-44af-be04-c6e5576d81ba to iot/temperature7
2024-06-26 10:56:49,742 - Published transaction 542db948-824b-43bc-b651-489681ddbf5c to iot/temperature1
2024-06-26 10:56:51,788 - Published transaction 7ce722f9-d74d-42a2-bec4-6fee6a192a56 to iot/temperature2
2024-06-26 10:56:53,800 - Published transaction eaf41562-8be9-4fd5-83bf-c826eb1ec883 to iot/temperature8
2024-06-26 10:56:55,813 - Published transaction 33ad4e4d-5fd3-4dc6-8267-205487146ab2 to iot/temperature1
2024-06-26 10:56:57,814 - Published transaction 61765196-8bfd-462c-a376-aaa50652e2f5 to iot/temperature2
2024-06-26 10:56:59,828 - Published transaction b9534a96-1255-432e-b0fb-e89459ee46f9 to iot/temperature2
2024-06-26 10:57:01,832 - Published transaction 4a50a6f1-ddf7-463d-9c18-1fe9e3412738 to iot/temperature3
2024-06-26 10:57:03,839 - Published transaction c552fd45-542c-4962-baf2-69ca169ab012 to iot/temperature5
2024-06-26 10:57:05,852 - Published transaction 26b23862-7805-4d75-8f3e-4ffdd12bcdc1 to iot/temperature7
2024-06-26 10:57:07,869 - Published transaction 1cb35e58-bf58-4c42-96b9-ec4514234c3e to iot/temperature3
2024-06-26 10:57:09,872 - Published transaction a41ce925-0175-4488-9506-37876a3d62a9 to iot/temperature7
2024-06-26 10:57:11,876 - Published transaction 2769c9e5-b28b-4faa-a934-734f090ba22a to iot/temperature5
2024-06-26 10:57:13,878 - Published transaction 2f564e77-e3bf-4cdf-8e3f-a8fc375bbdbc to iot/temperature8
2024-06-26 10:57:15,884 - Published transaction 6466ceac-9bdf-4bbc-8fb2-99e4436c1f75 to iot/temperature3
2024-06-26 10:57:17,894 - Published transaction b1453caf-e2bd-455a-91f0-19024bbc78f4 to iot/temperature8
2024-06-26 10:57:19,905 - Published transaction 93c5d9a1-eef1-446e-95e8-49c46a788c1e to iot/temperature1
2024-06-26 10:57:21,908 - Published transaction 5a8ba5b6-5bc8-4942-9c45-baa94464483b to iot/temperature5
2024-06-26 10:57:23,923 - Published transaction d16e776b-4411-4eee-a339-d06775286cc0 to iot/temperature3
2024-06-26 10:57:25,936 - Published transaction 8709296e-9e52-4460-b2a4-abb73818bcf3 to iot/temperature3
2024-06-26 10:57:37,954 - Published transaction edfc0244-f142-4afd-87f3-ef61ac471b65 to iot/temperature5
2024-06-26 10:57:39,959 - Published transaction 2dc0a354-5e04-45fa-a00d-0da2c7faae9b to iot/temperature5
2024-06-26 10:57:41,962 - Published transaction 76fae611-080b-43a4-8fc6-d6e07b35e51c to iot/temperature1
2024-06-26 10:57:43,966 - Published transaction 9b8162b6-6b60-40b2-8bbe-5dc22830a8b4 to iot/temperature5
2024-06-26 10:57:45,977 - Published transaction f96e3c8a-727a-4ed8-aeb5-7fd4c7731efe to iot/temperature7
2024-06-26 10:57:47,984 - Published transaction d990503a-c3b5-43ab-9478-c0618d96c162 to iot/temperature2
2024-06-26 10:57:49,987 - Published transaction 80d38bf9-d9b6-4ed9-95b6-9b7e9349cb9c to iot/temperature2
2024-06-26 10:57:51,998 - Published transaction a09a72b7-b552-4cf5-97ab-df2f676d37c6 to iot/temperature1
2024-06-26 10:57:56,020 - Published transaction c93c6069-6357-45ee-8ed4-2477de4b0fe3 to iot/temperature8
2024-06-26 10:57:58,033 - Published transaction 9c981cb1-14c7-4485-9ed6-b24566c6a2f7 to iot/temperature8
2024-06-26 10:58:00,037 - Published transaction e74376a0-97b6-4dcc-a67c-2a5fd531f54e to iot/temperature8
2024-06-26 10:58:02,039 - Published transaction 73691a5b-3741-4838-bc04-b8e3fed8f916 to iot/temperature5
2024-06-26 10:58:04,042 - Published transaction 711b909b-b4c3-4f3d-aa38-d63a5ec77e60 to iot/temperature2
2024-06-26 10:58:26,080 - Published transaction e79db192-5db2-423d-bde5-f4d6def66eb3 to iot/temperature2
2024-06-26 10:58:28,088 - Published transaction be6ea5be-1ced-4b66-9bec-97f6a5148efc to iot/temperature5
2024-06-26 10:58:30,103 - Published transaction fa11e279-a116-4c89-8e9b-5b286a4b0503 to iot/temperature1
2024-06-26 10:58:32,111 - Published transaction f5bfd426-50e6-4f97-8941-3aa4b07af5b9 to iot/temperature5
2024-06-26 10:58:34,115 - Published transaction 8ac8e777-2a88-4646-b781-0db18defaeef to iot/temperature2
2024-06-26 10:58:36,121 - Published transaction b2368221-e8b4-400c-938f-a231b3166810 to iot/temperature2
2024-06-26 10:58:38,144 - Published transaction 4c15dc3c-ecf8-4a17-9dee-e729af0a2d96 to iot/temperature1
2024-06-26 10:58:40,155 - Published transaction aa6c1077-5905-4dbe-854b-33ff0560b616 to iot/temperature2
2024-06-26 10:58:42,197 - Published transaction dcf06960-173d-4b78-a858-0ea7ff4d36d8 to iot/temperature1
2024-06-26 10:58:46,203 - Published transaction bff4aa2f-8248-48c3-a2df-3ea172a4a41d to iot/temperature8
2024-06-26 10:58:48,219 - Published transaction 1851fb5b-2a0f-4061-ad2c-38b9cec13a78 to iot/temperature8
2024-06-26 10:58:50,224 - Published transaction 7f70ed96-58dd-4af7-baa8-342d3e5100da to iot/temperature8
2024-06-26 10:58:52,242 - Published transaction 92f260f1-3eb4-4d98-a945-8673bb756019 to iot/temperature2
2024-06-26 10:58:54,251 - Published transaction 1d50877f-ee72-40b1-9511-39c07e6dc511 to iot/temperature8
2024-06-26 10:58:56,272 - Published transaction 08acab92-8122-4bd9-bb57-bd86268a643b to iot/temperature2
2024-06-26 10:58:58,284 - Published transaction b8940d93-f2e2-4d6e-8a85-07e37cb519af to iot/temperature1
2024-06-26 10:59:00,297 - Published transaction 2fbffbdd-d2f5-40ac-bb6d-6865b47e13f7 to iot/temperature8
2024-06-26 10:59:02,317 - Published transaction 180ee575-8ecd-4d2a-96cb-64f97715fa25 to iot/temperature2
2024-06-26 10:59:04,327 - Published transaction f49bba26-5134-45ec-bdb3-6345a2488cf8 to iot/temperature5
2024-06-26 10:59:06,338 - Published transaction 4d114263-194d-4a1c-b4ba-1e05c0334e70 to iot/temperature8
2024-06-26 10:59:08,357 - Published transaction 4bbdb275-8578-4475-9d8d-5179ca3c558e to iot/temperature8
2024-06-26 10:59:10,368 - Published transaction 961ff847-851c-4817-86de-42e40803a3b9 to iot/temperature8
2024-06-26 10:59:12,394 - Published transaction ab1c70e3-af55-43ce-826a-f447ff7eda90 to iot/temperature5
2024-06-26 10:59:14,414 - Published transaction b10ff104-fa5e-440c-8cc4-a3695277f2cf to iot/temperature8
2024-06-26 10:59:16,432 - Published transaction 558f252e-c3c6-40bd-b7cd-879991b19f4d to iot/temperature2
2024-06-26 10:59:18,463 - Published transaction a1f32086-c627-4a34-86a2-75026ca985a6 to iot/temperature2
2024-06-26 10:59:20,480 - Published transaction 2f619b1c-f2bf-46b4-bf8c-7626fd08afe2 to iot/temperature8
2024-06-26 10:59:22,488 - Published transaction e910e51c-c9c5-4b37-afdf-2532df7edac6 to iot/temperature5
2024-06-26 10:59:24,490 - Published transaction 4655e516-95ef-407b-9291-a5ded1786685 to iot/temperature5
2024-06-26 10:59:26,503 - Published transaction e3e4f2ef-c77a-4a47-85cd-7ad0811fa512 to iot/temperature2
2024-06-26 10:59:28,516 - Published transaction 52e2f9ac-c569-41b4-9e96-f0a716532456 to iot/temperature8
2024-06-26 10:59:30,526 - Published transaction 51e3eaf8-0bcb-4353-a03e-2326158914e7 to iot/temperature8
2024-06-26 10:59:32,530 - Published transaction 506a4a5f-ffba-47ee-82f9-522f74a88fb6 to iot/temperature2
2024-06-26 10:59:34,533 - Published transaction 0d5e495f-64b5-4dc6-8bda-cdb23dda7628 to iot/temperature2
2024-06-26 10:59:36,547 - Published transaction 1ebaad15-8f4f-43fe-ae37-5e1d66925115 to iot/temperature2
2024-06-26 10:59:38,566 - Published transaction cd9fd916-1aeb-416c-9ad2-b358a7ac01f7 to iot/temperature5
2024-06-26 10:59:40,578 - Published transaction b503d791-582c-414f-84c4-34a749fc8312 to iot/temperature5
2024-06-26 10:59:42,580 - Published transaction f5a45230-7f0f-41b9-aa60-a3998c930df9 to iot/temperature1
2024-06-26 10:59:44,585 - Published transaction 27215db3-4b9f-4fd0-9f4f-71bdc9cbc2ad to iot/temperature1
2024-06-26 10:59:46,604 - Published transaction 084c0051-383b-4c72-a027-cdd2d14cf989 to iot/temperature8
2024-06-26 10:59:48,640 - Published transaction b0c0ac7e-4817-4e67-924d-eaecab39dd85 to iot/temperature2
2024-06-26 10:59:50,659 - Published transaction 11770b84-f5f8-4e03-897e-8416eacdbabf to iot/temperature2
2024-06-26 10:59:52,664 - Published transaction 95e6a9d9-36dc-4f3e-982b-d9e4af351aeb to iot/temperature2
2024-06-26 10:59:54,668 - Published transaction 6262edb1-ad33-4fc1-a75b-5cc21a2b43fd to iot/temperature2
2024-06-26 10:59:56,693 - Published transaction 9fddf736-3ca3-4d91-8a4b-4dea21170e5a to iot/temperature8
2024-06-26 10:59:58,704 - Published transaction 7f847a5a-7997-4261-9658-5be933ee7006 to iot/temperature5
2024-06-26 11:00:00,721 - Published transaction 3a6011ab-6ffa-4d74-aafe-d4a90e04b1d3 to iot/temperature5
2024-06-26 11:00:02,734 - Published transaction 07472f6c-8f12-4900-8314-3a2cfc280832 to iot/temperature1
